
> web@0.1.0 build /home/qualiasolutions/Desktop/dis/apps/web
> vite build

vite v5.4.19 building for production...
transforming...
✓ 8451 modules transformed.
Generated an empty chunk: "workers".
rendering chunks...
computing gzip size...
dist/manifest.webmanifest                          0.49 kB
dist/index.html                                    1.77 kB │ gzip:   0.75 kB
dist/assets/index-DHbg-i24.css                   217.44 kB │ gzip:  32.74 kB
dist/assets/workers-l0sNRNKZ.js                    0.05 kB │ gzip:   0.07 kB │ map:     0.10 kB
dist/assets/state-BmU9JNjZ.js                      3.64 kB │ gzip:   1.61 kB │ map:    14.92 kB
dist/assets/workbox-window.prod.es5-B9K5rw8f.js    5.78 kB │ gzip:   2.40 kB │ map:    13.66 kB
dist/assets/query-hGJ4Vr7D.js                     23.09 kB │ gzip:   7.04 kB │ map:    93.76 kB
dist/assets/i18n-BqdBxtfJ.js                      60.66 kB │ gzip:  18.67 kB │ map:   200.74 kB
dist/assets/supabase-CwnMdHLc.js                 122.54 kB │ gzip:  33.95 kB │ map:   517.94 kB
dist/assets/vendor-Dp9ZFVaj.js                   162.62 kB │ gzip:  53.07 kB │ map:   702.89 kB
dist/assets/mantine-DUXoK-Vl.js                  263.10 kB │ gzip:  81.43 kB │ map: 1,441.11 kB
dist/assets/index-Bkx8pV3f.js                    277.85 kB │ gzip:  75.71 kB │ map: 1,151.47 kB
dist/assets/charts-6qsBixxb.js                   451.64 kB │ gzip: 119.21 kB │ map: 2,024.49 kB
✓ built in 12.40s

PWA v0.17.5
mode      generateSW
precache  23 entries (1568.40 KiB)
files generated
  dist/sw.js.map
  dist/sw.js
  dist/workbox-6bc9069b.js.map
  dist/workbox-6bc9069b.js
