
> web@0.1.0 lint /home/qualiasolutions/Desktop/dis/apps/web
> eslint src --ext ts,tsx --report-unused-disable-directives --max-warnings 0


/home/qualiasolutions/Desktop/dis/apps/web/src/components/ai/AIAnalysisPanel.tsx
  147:34  warning  Unexpected any. Specify a different type  @typescript-eslint/no-explicit-any

/home/qualiasolutions/Desktop/dis/apps/web/src/components/ai/AIChatbot.tsx
   12:3   warning  'LoadingOverlay' is defined but never used               @typescript-eslint/no-unused-vars
   15:3   warning  'Divider' is defined but never used                      @typescript-eslint/no-unused-vars
   18:3   warning  'Alert' is defined but never used                        @typescript-eslint/no-unused-vars
   20:3   warning  'List' is defined but never used                         @typescript-eslint/no-unused-vars
   30:3   warning  'IconX' is defined but never used                        @typescript-eslint/no-unused-vars
   36:3   warning  'IconChevronDown' is defined but never used              @typescript-eslint/no-unused-vars
   37:3   warning  'IconChevronUp' is defined but never used                @typescript-eslint/no-unused-vars
   65:3   warning  'customerId' is defined but never used                   @typescript-eslint/no-unused-vars
   87:27  warning  'setShowSuggestions' is assigned a value but never used  @typescript-eslint/no-unused-vars
  349:14  warning  Unknown property 'jsx' found                             react/no-unknown-property

/home/qualiasolutions/Desktop/dis/apps/web/src/components/ai/AIPerformanceMetrics.tsx
   17:3    warning  'Divider' is defined but never used           @typescript-eslint/no-unused-vars
   26:3    warning  'IconTrendingUp' is defined but never used    @typescript-eslint/no-unused-vars
   27:3    warning  'IconTrendingDown' is defined but never used  @typescript-eslint/no-unused-vars
   33:94   warning  'BarChart' is defined but never used          @typescript-eslint/no-unused-vars
   33:104  warning  'Bar' is defined but never used               @typescript-eslint/no-unused-vars
   33:109  warning  'Cell' is defined but never used              @typescript-eslint/no-unused-vars
   37:7    warning  'COLORS' is assigned a value but never used   @typescript-eslint/no-unused-vars
  112:58   warning  Unexpected any. Specify a different type      @typescript-eslint/no-explicit-any
  325:66   warning  Unexpected any. Specify a different type      @typescript-eslint/no-explicit-any

/home/qualiasolutions/Desktop/dis/apps/web/src/components/ai/CustomerInsightsPanel.tsx
   14:3   warning  'LoadingOverlay' is defined but never used      @typescript-eslint/no-unused-vars
   17:3   warning  'Divider' is defined but never used             @typescript-eslint/no-unused-vars
   24:3   warning  'IconBrain' is defined but never used           @typescript-eslint/no-unused-vars
   29:3   warning  'IconClock' is defined but never used           @typescript-eslint/no-unused-vars
   35:3   warning  'IconRefresh' is defined but never used         @typescript-eslint/no-unused-vars
   59:23  warning  Unexpected any. Specify a different type        @typescript-eslint/no-explicit-any
   60:19  warning  Unexpected any. Specify a different type        @typescript-eslint/no-explicit-any
   72:3   warning  'customerId' is defined but never used          @typescript-eslint/no-unused-vars
  331:77  warning  'index' is defined but never used               @typescript-eslint/no-unused-vars
  378:43  warning  Unexpected any. Specify a different type        @typescript-eslint/no-explicit-any
  378:64  warning  Unexpected any. Specify a different type        @typescript-eslint/no-explicit-any
  395:47  warning  Unexpected any. Specify a different type        @typescript-eslint/no-explicit-any
  408:37  warning  Unexpected any. Specify a different type        @typescript-eslint/no-explicit-any
  423:42  warning  Unexpected any. Specify a different type        @typescript-eslint/no-explicit-any
  424:9   warning  'lastVisit' is assigned a value but never used  @typescript-eslint/no-unused-vars
  436:54  warning  Unexpected any. Specify a different type        @typescript-eslint/no-explicit-any
  456:37  warning  Unexpected any. Specify a different type        @typescript-eslint/no-explicit-any
  456:58  warning  Unexpected any. Specify a different type        @typescript-eslint/no-explicit-any
  481:45  warning  Unexpected any. Specify a different type        @typescript-eslint/no-explicit-any
  510:38  warning  Unexpected any. Specify a different type        @typescript-eslint/no-explicit-any
  510:59  warning  Unexpected any. Specify a different type        @typescript-eslint/no-explicit-any
  510:66  warning  'customer' is defined but never used            @typescript-eslint/no-unused-vars
  510:76  warning  Unexpected any. Specify a different type        @typescript-eslint/no-explicit-any
  593:42  warning  Unexpected any. Specify a different type        @typescript-eslint/no-explicit-any

/home/qualiasolutions/Desktop/dis/apps/web/src/components/ai/PredictiveAnalytics.tsx
   10:3   warning  'LoadingOverlay' is defined but never used  @typescript-eslint/no-unused-vars
   19:3   warning  'NumberInput' is defined but never used     @typescript-eslint/no-unused-vars
   30:3   warning  'IconFilter' is defined but never used      @typescript-eslint/no-unused-vars
   31:3   warning  'IconChartBar' is defined but never used    @typescript-eslint/no-unused-vars
   32:3   warning  'IconClock' is defined but never used       @typescript-eslint/no-unused-vars
   36:3   warning  'LineChart' is defined but never used       @typescript-eslint/no-unused-vars
   37:3   warning  'Line' is defined but never used            @typescript-eslint/no-unused-vars
   55:15  warning  Unexpected any. Specify a different type    @typescript-eslint/no-explicit-any
   56:18  warning  Unexpected any. Specify a different type    @typescript-eslint/no-explicit-any
   57:20  warning  Unexpected any. Specify a different type    @typescript-eslint/no-explicit-any
  459:40  warning  Unexpected any. Specify a different type    @typescript-eslint/no-explicit-any
  501:41  warning  Unexpected any. Specify a different type    @typescript-eslint/no-explicit-any
  518:38  warning  Unexpected any. Specify a different type    @typescript-eslint/no-explicit-any
  518:53  warning  Unexpected any. Specify a different type    @typescript-eslint/no-explicit-any
  544:52  warning  Unexpected any. Specify a different type    @typescript-eslint/no-explicit-any
  544:67  warning  Unexpected any. Specify a different type    @typescript-eslint/no-explicit-any
  580:32  warning  'visits' is defined but never used          @typescript-eslint/no-unused-vars
  580:40  warning  Unexpected any. Specify a different type    @typescript-eslint/no-explicit-any
  596:38  warning  Unexpected any. Specify a different type    @typescript-eslint/no-explicit-any
  596:56  warning  Unexpected any. Specify a different type    @typescript-eslint/no-explicit-any
  597:48  warning  'index' is defined but never used           @typescript-eslint/no-unused-vars

/home/qualiasolutions/Desktop/dis/apps/web/src/components/ai/PriorityDashboard.tsx
   20:3   warning  'Progress' is defined but never used      @typescript-eslint/no-unused-vars
   21:3   warning  'Anchor' is defined but never used        @typescript-eslint/no-unused-vars
   91:46  warning  Unexpected any. Specify a different type  @typescript-eslint/no-explicit-any
  165:57  warning  Unexpected any. Specify a different type  @typescript-eslint/no-explicit-any

/home/qualiasolutions/Desktop/dis/apps/web/src/components/ai/__tests__/AIAnalysisPanel.test.tsx
   91:25  warning  Unexpected any. Specify a different type  @typescript-eslint/no-explicit-any
   95:24  warning  Unexpected any. Specify a different type  @typescript-eslint/no-explicit-any
  105:25  warning  Unexpected any. Specify a different type  @typescript-eslint/no-explicit-any
  109:24  warning  Unexpected any. Specify a different type  @typescript-eslint/no-explicit-any
  140:25  warning  Unexpected any. Specify a different type  @typescript-eslint/no-explicit-any
  144:24  warning  Unexpected any. Specify a different type  @typescript-eslint/no-explicit-any
  157:25  warning  Unexpected any. Specify a different type  @typescript-eslint/no-explicit-any
  161:24  warning  Unexpected any. Specify a different type  @typescript-eslint/no-explicit-any
  193:25  warning  Unexpected any. Specify a different type  @typescript-eslint/no-explicit-any
  197:24  warning  Unexpected any. Specify a different type  @typescript-eslint/no-explicit-any
  213:25  warning  Unexpected any. Specify a different type  @typescript-eslint/no-explicit-any
  217:24  warning  Unexpected any. Specify a different type  @typescript-eslint/no-explicit-any
  227:25  warning  Unexpected any. Specify a different type  @typescript-eslint/no-explicit-any
  231:24  warning  Unexpected any. Specify a different type  @typescript-eslint/no-explicit-any
  243:25  warning  Unexpected any. Specify a different type  @typescript-eslint/no-explicit-any
  247:24  warning  Unexpected any. Specify a different type  @typescript-eslint/no-explicit-any
  268:25  warning  Unexpected any. Specify a different type  @typescript-eslint/no-explicit-any
  272:24  warning  Unexpected any. Specify a different type  @typescript-eslint/no-explicit-any

/home/qualiasolutions/Desktop/dis/apps/web/src/components/analytics/AnalyticsDashboard.tsx
   17:3   warning  'Paper' is defined but never used               @typescript-eslint/no-unused-vars
   18:3   warning  'Divider' is defined but never used             @typescript-eslint/no-unused-vars
   24:3   warning  'IconTrendingDown' is defined but never used    @typescript-eslint/no-unused-vars
   28:3   warning  'IconFilter' is defined but never used          @typescript-eslint/no-unused-vars
   31:3   warning  'IconCheck' is defined but never used           @typescript-eslint/no-unused-vars
   32:3   warning  'IconX' is defined but never used               @typescript-eslint/no-unused-vars
   50:6   warning  'ViewMode' is defined but never used            @typescript-eslint/no-unused-vars
   61:11  warning  't' is assigned a value but never used          @typescript-eslint/no-unused-vars
   66:11  warning  'user' is assigned a value but never used       @typescript-eslint/no-unused-vars
   66:32  warning  'isManager' is assigned a value but never used  @typescript-eslint/no-unused-vars
  106:9   warning  Unexpected lexical declaration in case block    no-case-declarations
  114:9   warning  Unexpected lexical declaration in case block    no-case-declarations

/home/qualiasolutions/Desktop/dis/apps/web/src/components/analytics/ConsultantPerformance.tsx
   8:3   warning  'Progress' is defined but never used    @typescript-eslint/no-unused-vars
  74:3   warning  'timeRange' is defined but never used   @typescript-eslint/no-unused-vars
  77:11  warning  't' is assigned a value but never used  @typescript-eslint/no-unused-vars

/home/qualiasolutions/Desktop/dis/apps/web/src/components/analytics/CustomerInsights.tsx
  14:3   warning  'Table' is defined but never used             @typescript-eslint/no-unused-vars
  21:3   warning  'IconMail' is defined but never used          @typescript-eslint/no-unused-vars
  24:3   warning  'IconTrendingUp' is defined but never used    @typescript-eslint/no-unused-vars
  25:3   warning  'IconTrendingDown' is defined but never used  @typescript-eslint/no-unused-vars
  26:3   warning  'IconTarget' is defined but never used        @typescript-eslint/no-unused-vars
  38:11  warning  'CustomerMetrics' is defined but never used   @typescript-eslint/no-unused-vars
  61:44  warning  'timeRange' is defined but never used         @typescript-eslint/no-unused-vars
  62:11  warning  't' is assigned a value but never used        @typescript-eslint/no-unused-vars

/home/qualiasolutions/Desktop/dis/apps/web/src/components/analytics/DealershipMetrics.tsx
  14:3   warning  'Table' is defined but never used             @typescript-eslint/no-unused-vars
  20:3   warning  'IconCheck' is defined but never used         @typescript-eslint/no-unused-vars
  21:3   warning  'IconX' is defined but never used             @typescript-eslint/no-unused-vars
  23:3   warning  'IconTrendingDown' is defined but never used  @typescript-eslint/no-unused-vars
  24:3   warning  'IconMinus' is defined but never used         @typescript-eslint/no-unused-vars
  46:58  warning  'timeRange' is defined but never used         @typescript-eslint/no-unused-vars
  47:11  warning  't' is assigned a value but never used        @typescript-eslint/no-unused-vars

/home/qualiasolutions/Desktop/dis/apps/web/src/components/analytics/SalesAnalytics.tsx
  17:3   warning  'IconCurrencyDollar' is defined but never used  @typescript-eslint/no-unused-vars
  23:3   warning  'IconClock' is defined but never used           @typescript-eslint/no-unused-vars
  36:11  warning  'SalesMetrics' is defined but never used        @typescript-eslint/no-unused-vars
  56:42  warning  'timeRange' is defined but never used           @typescript-eslint/no-unused-vars
  57:11  warning  't' is assigned a value but never used          @typescript-eslint/no-unused-vars

/home/qualiasolutions/Desktop/dis/apps/web/src/components/auth/AuthPage.tsx
  19:39  warning  Unexpected any. Specify a different type  @typescript-eslint/no-explicit-any
  25:37  warning  Unexpected any. Specify a different type  @typescript-eslint/no-explicit-any

/home/qualiasolutions/Desktop/dis/apps/web/src/components/auth/LoginForm.tsx
  122:18  warning  `'` can be escaped with `&apos;`, `&lsquo;`, `&#39;`, `&rsquo;`  react/no-unescaped-entities

/home/qualiasolutions/Desktop/dis/apps/web/src/components/auth/ModernAuthPage.tsx
  79:14  warning  'error' is defined but never used  @typescript-eslint/no-unused-vars

/home/qualiasolutions/Desktop/dis/apps/web/src/components/auth/ProtectedRoute.tsx
  59:18  warning  `'` can be escaped with `&apos;`, `&lsquo;`, `&#39;`, `&rsquo;`  react/no-unescaped-entities

/home/qualiasolutions/Desktop/dis/apps/web/src/components/auth/SignUpForm.tsx
  27:11  warning  't' is assigned a value but never used  @typescript-eslint/no-unused-vars

/home/qualiasolutions/Desktop/dis/apps/web/src/components/auth/UserMenu.tsx
  24:11  warning  't' is assigned a value but never used  @typescript-eslint/no-unused-vars
  35:14  warning  'error' is defined but never used       @typescript-eslint/no-unused-vars

/home/qualiasolutions/Desktop/dis/apps/web/src/components/charts/ConsultantPerformanceChart.tsx
  33:3  warning  'IconClock' is defined but never used  @typescript-eslint/no-unused-vars

/home/qualiasolutions/Desktop/dis/apps/web/src/components/charts/ConversionFunnelChart.tsx
  7:3  warning  'Progress' is defined but never used  @typescript-eslint/no-unused-vars

/home/qualiasolutions/Desktop/dis/apps/web/src/components/charts/VehicleInterestChart.tsx
    8:3   warning  'Legend' is defined but never used       @typescript-eslint/no-unused-vars
   32:3   warning  'IconPalette' is defined but never used  @typescript-eslint/no-unused-vars
   65:11  warning  'DataPoint' is defined but never used    @typescript-eslint/no-unused-vars
  118:51  warning  'name' is defined but never used         @typescript-eslint/no-unused-vars

/home/qualiasolutions/Desktop/dis/apps/web/src/components/charts/__tests__/VisitTrendsChart.test.tsx
   8:29  warning  Unexpected any. Specify a different type  @typescript-eslint/no-explicit-any
   9:29  warning  Unexpected any. Specify a different type  @typescript-eslint/no-explicit-any
  17:39  warning  Unexpected any. Specify a different type  @typescript-eslint/no-explicit-any

/home/qualiasolutions/Desktop/dis/apps/web/src/components/common/Footer.tsx
  2:39  warning  'Divider' is defined but never used  @typescript-eslint/no-unused-vars

/home/qualiasolutions/Desktop/dis/apps/web/src/components/common/ModernNavigation.tsx
  11:3   warning  'IconUser' is defined but never used           @typescript-eslint/no-unused-vars
  22:10  warning  'scrolled' is assigned a value but never used  @typescript-eslint/no-unused-vars

/home/qualiasolutions/Desktop/dis/apps/web/src/components/common/PWAUpdater.tsx
   1:10  warning  'useEffect' is defined but never used             @typescript-eslint/no-unused-vars
  11:19  warning  'needRefresh' is assigned a value but never used  @typescript-eslint/no-unused-vars

/home/qualiasolutions/Desktop/dis/apps/web/src/components/consultant/AssignedCustomersList.tsx
  53:11  warning  't' is assigned a value but never used  @typescript-eslint/no-unused-vars
  65:14  warning  'error' is defined but never used       @typescript-eslint/no-unused-vars

/home/qualiasolutions/Desktop/dis/apps/web/src/components/consultant/ConsultantDashboard.tsx
    8:3   warning  'Badge' is defined but never used                                @typescript-eslint/no-unused-vars
   10:3   warning  'Stack' is defined but never used                                @typescript-eslint/no-unused-vars
   13:3   warning  'Paper' is defined but never used                                @typescript-eslint/no-unused-vars
   36:11  warning  't' is assigned a value but never used                           @typescript-eslint/no-unused-vars
   41:17  warning  'getUserRole' is assigned a value but never used                 @typescript-eslint/no-unused-vars
   95:53  warning  Unexpected any. Specify a different type                         @typescript-eslint/no-explicit-any
  187:24  warning  `'` can be escaped with `&apos;`, `&lsquo;`, `&#39;`, `&rsquo;`  react/no-unescaped-entities

/home/qualiasolutions/Desktop/dis/apps/web/src/components/consultant/CustomerProfileModal.tsx
   11:3   warning  'Divider' is defined but never used                                                                                   @typescript-eslint/no-unused-vars
   14:3   warning  'Timeline' is defined but never used                                                                                  @typescript-eslint/no-unused-vars
   15:3   warning  'Alert' is defined but never used                                                                                     @typescript-eslint/no-unused-vars
   28:3   warning  'IconAlertCircle' is defined but never used                                                                           @typescript-eslint/no-unused-vars
   52:11  warning  'user' is assigned a value but never used                                                                             @typescript-eslint/no-unused-vars
   57:29  warning  Unexpected any. Specify a different type                                                                              @typescript-eslint/no-explicit-any
   66:6   warning  React Hook useEffect has a missing dependency: 'fetchVisitDetails'. Either include it or remove the dependency array  react-hooks/exhaustive-deps
  125:14  warning  'error' is defined but never used                                                                                     @typescript-eslint/no-unused-vars
  142:63  warning  Unexpected any. Specify a different type                                                                              @typescript-eslint/no-explicit-any

/home/qualiasolutions/Desktop/dis/apps/web/src/components/consultant/PerformanceMetrics.tsx
  23:3   warning  'IconCheck' is defined but never used                 @typescript-eslint/no-unused-vars
  24:3   warning  'IconX' is defined but never used                     @typescript-eslint/no-unused-vars
  27:3   warning  'IconRefresh' is defined but never used               @typescript-eslint/no-unused-vars
  43:7   warning  'startDate' is never reassigned. Use 'const' instead  prefer-const
  63:11  warning  't' is assigned a value but never used                @typescript-eslint/no-unused-vars

/home/qualiasolutions/Desktop/dis/apps/web/src/components/forms/CustomerIntakeForm.tsx
  18:20  warning  'useEffect' is defined but never used  @typescript-eslint/no-unused-vars
  61:41  warning  Unnecessary escape character: \(       no-useless-escape
  61:43  warning  Unnecessary escape character: \)       no-useless-escape

/home/qualiasolutions/Desktop/dis/apps/web/src/components/layout/EnhancedHomePage.tsx
  4:30  warning  'Group' is defined but never used  @typescript-eslint/no-unused-vars

/home/qualiasolutions/Desktop/dis/apps/web/src/components/layout/ProfessionalHomePage.tsx
   4:18  warning  'AnimatePresence' is defined but never used  @typescript-eslint/no-unused-vars
  10:3   warning  'IconCar' is defined but never used          @typescript-eslint/no-unused-vars
  17:3   warning  'IconCheck' is defined but never used        @typescript-eslint/no-unused-vars

/home/qualiasolutions/Desktop/dis/apps/web/src/components/queue/QueueCard.tsx
   51:11  warning  'consultants' is assigned a value but never used                 @typescript-eslint/no-unused-vars
   71:14  warning  'error' is defined but never used                                @typescript-eslint/no-unused-vars
   94:14  warning  'error' is defined but never used                                @typescript-eslint/no-unused-vars
  251:13  warning  `"` can be escaped with `&quot;`, `&ldquo;`, `&#34;`, `&rdquo;`  react/no-unescaped-entities
  251:27  warning  `"` can be escaped with `&quot;`, `&ldquo;`, `&#34;`, `&rdquo;`  react/no-unescaped-entities

/home/qualiasolutions/Desktop/dis/apps/web/src/components/queue/ReceptionQueue.tsx
    8:3   warning  'Badge' is defined but never used                       @typescript-eslint/no-unused-vars
   10:3   warning  'Stack' is defined but never used                       @typescript-eslint/no-unused-vars
   12:3   warning  'Select' is defined but never used                      @typescript-eslint/no-unused-vars
   24:3   warning  'IconFilter' is defined but never used                  @typescript-eslint/no-unused-vars
   34:10  warning  'autoAssignMode' is assigned a value but never used     @typescript-eslint/no-unused-vars
   34:26  warning  'setAutoAssignMode' is assigned a value but never used  @typescript-eslint/no-unused-vars
  103:14  warning  'error' is defined but never used                       @typescript-eslint/no-unused-vars
  112:9   warning  'newVisits' is assigned a value but never used          @typescript-eslint/no-unused-vars
  113:9   warning  'contactedVisits' is assigned a value but never used    @typescript-eslint/no-unused-vars
  114:9   warning  'assignedVisits' is assigned a value but never used     @typescript-eslint/no-unused-vars
  115:9   warning  'inProgressVisits' is assigned a value but never used   @typescript-eslint/no-unused-vars

/home/qualiasolutions/Desktop/dis/apps/web/src/hooks/useAIAnalysis.ts
  19:23  warning  Unexpected any. Specify a different type  @typescript-eslint/no-explicit-any

/home/qualiasolutions/Desktop/dis/apps/web/src/hooks/useAnalytics.ts
    4:15  warning  'QueueVisit' is defined but never used        @typescript-eslint/no-unused-vars
   65:11  warning  Unexpected lexical declaration in case block  no-case-declarations
  199:11  warning  Unexpected lexical declaration in case block  no-case-declarations
  317:11  warning  Unexpected lexical declaration in case block  no-case-declarations

/home/qualiasolutions/Desktop/dis/apps/web/src/hooks/useChartWorker.ts
   7:78  warning  Unexpected any. Specify a different type  @typescript-eslint/no-explicit-any
   8:71  warning  Unexpected any. Specify a different type  @typescript-eslint/no-explicit-any
   8:89  warning  Unexpected any. Specify a different type  @typescript-eslint/no-explicit-any
   9:81  warning  Unexpected any. Specify a different type  @typescript-eslint/no-explicit-any
  10:64  warning  Unexpected any. Specify a different type  @typescript-eslint/no-explicit-any
  11:83  warning  Unexpected any. Specify a different type  @typescript-eslint/no-explicit-any

/home/qualiasolutions/Desktop/dis/apps/web/src/hooks/useConnectionStatus.ts
  53:6  warning  React Hook useEffect has a missing dependency: 'checkAndSync'. Either include it or remove the dependency array  react-hooks/exhaustive-deps

/home/qualiasolutions/Desktop/dis/apps/web/src/hooks/useConsultants.ts
  203:11  warning  Unexpected lexical declaration in case block  no-case-declarations

/home/qualiasolutions/Desktop/dis/apps/web/src/hooks/useFormValidation.ts
  17:44  warning  Unnecessary escape character: \(  no-useless-escape
  17:46  warning  Unnecessary escape character: \)  no-useless-escape

/home/qualiasolutions/Desktop/dis/apps/web/src/hooks/useVisits.ts
  82:13  warning  Unexpected lexical declaration in case block  no-case-declarations

/home/qualiasolutions/Desktop/dis/apps/web/src/lib/queryClient.ts
  32:26  warning  Unexpected any. Specify a different type              @typescript-eslint/no-explicit-any
  61:9   warning  NODE_ENV is not listed as a dependency in turbo.json  turbo/no-undeclared-env-vars

/home/qualiasolutions/Desktop/dis/apps/web/src/lib/supabase.ts
  32:9   warning  Unexpected any. Specify a different type            @typescript-eslint/no-explicit-any
  38:46  warning  Unexpected any. Specify a different type            @typescript-eslint/no-explicit-any
  90:42  warning  'customerError' is assigned a value but never used  @typescript-eslint/no-unused-vars

/home/qualiasolutions/Desktop/dis/apps/web/src/pages/Dashboard.tsx
  16:3   warning  'Button' is defined but never used                       @typescript-eslint/no-unused-vars
  43:35  warning  'consultantsLoading' is assigned a value but never used  @typescript-eslint/no-unused-vars
  44:11  warning  'queue' is assigned a value but never used               @typescript-eslint/no-unused-vars

/home/qualiasolutions/Desktop/dis/apps/web/src/pages/VisitDetails.tsx
  11:3  warning  'Divider' is defined but never used  @typescript-eslint/no-unused-vars
  23:3  warning  'IconCar' is defined but never used  @typescript-eslint/no-unused-vars

/home/qualiasolutions/Desktop/dis/apps/web/src/stores/authStore.ts
  14:26   warning  Unexpected any. Specify a different type  @typescript-eslint/no-explicit-any
  25:65   warning  Unexpected any. Specify a different type  @typescript-eslint/no-explicit-any
  27:109  warning  Unexpected any. Specify a different type  @typescript-eslint/no-explicit-any

/home/qualiasolutions/Desktop/dis/apps/web/src/sw.ts
  218:29  warning  NODE_ENV is not listed as a dependency in turbo.json  turbo/no-undeclared-env-vars

/home/qualiasolutions/Desktop/dis/apps/web/src/utils/__tests__/performance-metrics.test.ts
    7:7   warning  'startDate' is never reassigned. Use 'const' instead  prefer-const
  251:28  warning  Unexpected any. Specify a different type              @typescript-eslint/no-explicit-any
  261:10  warning  Unexpected any. Specify a different type              @typescript-eslint/no-explicit-any

/home/qualiasolutions/Desktop/dis/apps/web/src/vite-env.d.ts
  12:31  warning  Unexpected any. Specify a different type  @typescript-eslint/no-explicit-any

✖ 224 problems (0 errors, 224 warnings)
  0 errors and 2 warnings potentially fixable with the `--fix` option.

ESLint found too many warnings (maximum: 0).
 ELIFECYCLE  Command failed with exit code 1.
